<?xml version="1.0" encoding="UTF-8"?>
<!-- Generated by org.testng.reporters.JUnitReportReporter -->
<testsuite skipped="0" hostname="DESKTOP-I01SR4M" name="fmcsp_Tests.FMCSP_TC1" tests="1" failures="0" timestamp="13 Jun 2019 10:47:36 GMT" time="22.781" errors="0">
  <testcase name="FM_Test1" time="22.781" classname="fmcsp_Tests.FMCSP_TC1"/>
</testsuite> <!-- fmcsp_Tests.FMCSP_TC1 -->
