<?xml version="1.0" encoding="UTF-8"?>
<!-- Generated by org.testng.reporters.JUnitReportReporter -->
<testsuite skipped="0" hostname="DESKTOP-I01SR4M" name="devBranch.LinkedIn_Test" tests="1" failures="0" timestamp="13 Jun 2019 11:24:55 GMT" time="8.154" errors="0">
  <testcase name="f" time="8.154" classname="devBranch.LinkedIn_Test"/>
</testsuite> <!-- devBranch.LinkedIn_Test -->
