<?xml version="1.0" encoding="UTF-8"?>
<!-- Generated by org.testng.reporters.JUnitReportReporter -->
<testsuite skipped="0" hostname="DESKTOP-I01SR4M" name="devBranch.NewTest" tests="1" failures="0" timestamp="13 Jun 2019 10:21:22 GMT" time="72.543" errors="0">
  <testcase name="OF_FirstTest" time="72.543" classname="devBranch.NewTest"/>
</testsuite> <!-- devBranch.NewTest -->
