<?xml version="1.0" encoding="UTF-8"?>
<!-- Generated by org.testng.reporters.JUnitReportReporter -->
<testsuite skipped="0" hostname="DESKTOP-I01SR4M" name="devBranch.NewTest2" tests="1" failures="0" timestamp="13 Jun 2019 10:21:22 GMT" time="31.275" errors="0">
  <testcase name="f" time="31.275" classname="devBranch.NewTest2"/>
</testsuite> <!-- devBranch.NewTest2 -->
