<?xml version="1.0" encoding="UTF-8"?>
<!-- Generated by org.testng.reporters.JUnitReportReporter -->
<testsuite skipped="0" hostname="DESKTOP-I01SR4M" name="devBranch.OF_TC1" tests="1" failures="0" timestamp="13 Jun 2019 11:24:55 GMT" time="38.146" errors="0">
  <testcase name="OF_FirstTest" time="38.146" classname="devBranch.OF_TC1"/>
</testsuite> <!-- devBranch.OF_TC1 -->
